<?xml version="1.0" encoding="UTF-8"?>
<!-- Generated by org.testng.reporters.JUnitXMLReporter -->
<testsuite ignored="0" hostname="eps46-Epixel" failures="0" tests="7" name="testone" time="0.109" errors="0" timestamp="2024-06-11T23:33:15 IST">
  <testcase classname="rootNew.RootExample" name="bhigh" time="0.019"/>
  <testcase classname="rootNew.RootExample" name="ahigh" time="0.002"/>
  <testcase classname="rootNew.RootExample" name="chigh" time="0.003"/>
  <testcase classname="rootNew.RootExample" name="dhigh" time="0.003"/>
  <testcase classname="rootNew.secondClass" name="value" time="0.003"/>
  <testcase classname="rootNew.secondClass" name="ant" time="0.008"/>
  <testcase classname="rootNew.secondClass" name="kumar" time="0.002"/>
</testsuite> <!-- testone -->
