<?xml version="1.0" encoding="UTF-8"?>
<!-- Generated by org.testng.reporters.JUnitXMLReporter -->
<testsuite ignored="0" hostname="eps46-Epixel" failures="0" tests="4" name="Default test" time="0.094" errors="0" timestamp="2024-06-04T12:28:37 IST">
  <testcase classname="WebPro.TestProcess" name="aweb" time="0.019"/>
  <testcase classname="WebPro.TestProcess" name="cwebthree" time="0.003"/>
  <testcase classname="WebPro.TestProcess" name="dwebfourth" time="0.003"/>
  <testcase classname="WebPro.TestProcess" name="webtwo" time="0.002"/>
</testsuite> <!-- Default test -->
