<?xml version="1.0" encoding="UTF-8"?>
<testng-results ignored="0" total="51" passed="50" failed="1" skipped="0">
  <reporter-output>
  </reporter-output>
  <suite started-at="2024-05-30T12:21:53 IST" name="Default suite" finished-at="2024-05-30T12:23:53 IST" duration-ms="120316">
    <groups>
    </groups>
    <test started-at="2024-05-30T12:21:53 IST" name="Default test" finished-at="2024-05-30T12:23:53 IST" duration-ms="120316">
      <class name="Api.endpoint.Api">
        <test-method is-config="true" signature="setup()[pri:0, instance:Api.endpoint.Api@4f2b503c]" started-at="2024-05-30T12:21:53 IST" name="setup" finished-at="2024-05-30T12:21:53 IST" duration-ms="644" status="PASS">
          <reporter-output>
          </reporter-output>
        </test-method> <!-- setup -->
        <test-method signature="Login()[pri:1, instance:Api.endpoint.Api@4f2b503c]" started-at="2024-05-30T12:21:53 IST" name="Login" finished-at="2024-05-30T12:21:59 IST" duration-ms="5782" status="PASS">
          <reporter-output>
          </reporter-output>
        </test-method> <!-- Login -->
        <test-method signature="Registration()[pri:2, instance:Api.endpoint.Api@4f2b503c]" started-at="2024-05-30T12:21:59 IST" name="Registration" finished-at="2024-05-30T12:22:05 IST" depends-on-methods="Api.endpoint.Api.Login" duration-ms="5767" status="PASS">
          <reporter-output>
          </reporter-output>
        </test-method> <!-- Registration -->
        <test-method signature="Registration()[pri:2, instance:Api.endpoint.Api@4f2b503c]" started-at="2024-05-30T12:22:05 IST" name="Registration" finished-at="2024-05-30T12:22:07 IST" depends-on-methods="Api.endpoint.Api.Login" duration-ms="2076" status="PASS">
          <reporter-output>
          </reporter-output>
        </test-method> <!-- Registration -->
        <test-method signature="Registration()[pri:2, instance:Api.endpoint.Api@4f2b503c]" started-at="2024-05-30T12:22:07 IST" name="Registration" finished-at="2024-05-30T12:22:10 IST" depends-on-methods="Api.endpoint.Api.Login" duration-ms="2974" status="PASS">
          <reporter-output>
          </reporter-output>
        </test-method> <!-- Registration -->
        <test-method signature="Registration()[pri:2, instance:Api.endpoint.Api@4f2b503c]" started-at="2024-05-30T12:22:10 IST" name="Registration" finished-at="2024-05-30T12:22:13 IST" depends-on-methods="Api.endpoint.Api.Login" duration-ms="3063" status="PASS">
          <reporter-output>
          </reporter-output>
        </test-method> <!-- Registration -->
        <test-method signature="Registration()[pri:2, instance:Api.endpoint.Api@4f2b503c]" started-at="2024-05-30T12:22:13 IST" name="Registration" finished-at="2024-05-30T12:22:15 IST" depends-on-methods="Api.endpoint.Api.Login" duration-ms="2056" status="PASS">
          <reporter-output>
          </reporter-output>
        </test-method> <!-- Registration -->
        <test-method signature="Registration()[pri:2, instance:Api.endpoint.Api@4f2b503c]" started-at="2024-05-30T12:22:15 IST" name="Registration" finished-at="2024-05-30T12:22:17 IST" depends-on-methods="Api.endpoint.Api.Login" duration-ms="2036" status="PASS">
          <reporter-output>
          </reporter-output>
        </test-method> <!-- Registration -->
        <test-method signature="Registration()[pri:2, instance:Api.endpoint.Api@4f2b503c]" started-at="2024-05-30T12:22:17 IST" name="Registration" finished-at="2024-05-30T12:22:19 IST" depends-on-methods="Api.endpoint.Api.Login" duration-ms="1948" status="PASS">
          <reporter-output>
          </reporter-output>
        </test-method> <!-- Registration -->
        <test-method signature="Registration()[pri:2, instance:Api.endpoint.Api@4f2b503c]" started-at="2024-05-30T12:22:19 IST" name="Registration" finished-at="2024-05-30T12:22:22 IST" depends-on-methods="Api.endpoint.Api.Login" duration-ms="3351" status="PASS">
          <reporter-output>
          </reporter-output>
        </test-method> <!-- Registration -->
        <test-method signature="Registration()[pri:2, instance:Api.endpoint.Api@4f2b503c]" started-at="2024-05-30T12:22:22 IST" name="Registration" finished-at="2024-05-30T12:22:24 IST" depends-on-methods="Api.endpoint.Api.Login" duration-ms="1956" status="PASS">
          <reporter-output>
          </reporter-output>
        </test-method> <!-- Registration -->
        <test-method signature="Registration()[pri:2, instance:Api.endpoint.Api@4f2b503c]" started-at="2024-05-30T12:22:24 IST" name="Registration" finished-at="2024-05-30T12:22:26 IST" depends-on-methods="Api.endpoint.Api.Login" duration-ms="1943" status="PASS">
          <reporter-output>
          </reporter-output>
        </test-method> <!-- Registration -->
        <test-method signature="Registration()[pri:2, instance:Api.endpoint.Api@4f2b503c]" started-at="2024-05-30T12:22:26 IST" name="Registration" finished-at="2024-05-30T12:22:28 IST" depends-on-methods="Api.endpoint.Api.Login" duration-ms="1529" status="PASS">
          <reporter-output>
          </reporter-output>
        </test-method> <!-- Registration -->
        <test-method signature="Registration()[pri:2, instance:Api.endpoint.Api@4f2b503c]" started-at="2024-05-30T12:22:28 IST" name="Registration" finished-at="2024-05-30T12:22:29 IST" depends-on-methods="Api.endpoint.Api.Login" duration-ms="1430" status="PASS">
          <reporter-output>
          </reporter-output>
        </test-method> <!-- Registration -->
        <test-method signature="Registration()[pri:2, instance:Api.endpoint.Api@4f2b503c]" started-at="2024-05-30T12:22:29 IST" name="Registration" finished-at="2024-05-30T12:22:31 IST" depends-on-methods="Api.endpoint.Api.Login" duration-ms="2261" status="PASS">
          <reporter-output>
          </reporter-output>
        </test-method> <!-- Registration -->
        <test-method signature="Registration()[pri:2, instance:Api.endpoint.Api@4f2b503c]" started-at="2024-05-30T12:22:31 IST" name="Registration" finished-at="2024-05-30T12:22:33 IST" depends-on-methods="Api.endpoint.Api.Login" duration-ms="2026" status="PASS">
          <reporter-output>
          </reporter-output>
        </test-method> <!-- Registration -->
        <test-method signature="Registration()[pri:2, instance:Api.endpoint.Api@4f2b503c]" started-at="2024-05-30T12:22:33 IST" name="Registration" finished-at="2024-05-30T12:22:35 IST" depends-on-methods="Api.endpoint.Api.Login" duration-ms="1426" status="PASS">
          <reporter-output>
          </reporter-output>
        </test-method> <!-- Registration -->
        <test-method signature="Registration()[pri:2, instance:Api.endpoint.Api@4f2b503c]" started-at="2024-05-30T12:22:35 IST" name="Registration" finished-at="2024-05-30T12:22:37 IST" depends-on-methods="Api.endpoint.Api.Login" duration-ms="1937" status="PASS">
          <reporter-output>
          </reporter-output>
        </test-method> <!-- Registration -->
        <test-method signature="Registration()[pri:2, instance:Api.endpoint.Api@4f2b503c]" started-at="2024-05-30T12:22:37 IST" name="Registration" finished-at="2024-05-30T12:22:38 IST" depends-on-methods="Api.endpoint.Api.Login" duration-ms="1531" status="PASS">
          <reporter-output>
          </reporter-output>
        </test-method> <!-- Registration -->
        <test-method signature="Registration()[pri:2, instance:Api.endpoint.Api@4f2b503c]" started-at="2024-05-30T12:22:38 IST" name="Registration" finished-at="2024-05-30T12:22:40 IST" depends-on-methods="Api.endpoint.Api.Login" duration-ms="1429" status="PASS">
          <reporter-output>
          </reporter-output>
        </test-method> <!-- Registration -->
        <test-method signature="Registration()[pri:2, instance:Api.endpoint.Api@4f2b503c]" started-at="2024-05-30T12:22:40 IST" name="Registration" finished-at="2024-05-30T12:22:42 IST" depends-on-methods="Api.endpoint.Api.Login" duration-ms="2143" status="PASS">
          <reporter-output>
          </reporter-output>
        </test-method> <!-- Registration -->
        <test-method signature="Registration()[pri:2, instance:Api.endpoint.Api@4f2b503c]" started-at="2024-05-30T12:22:42 IST" name="Registration" finished-at="2024-05-30T12:22:44 IST" depends-on-methods="Api.endpoint.Api.Login" duration-ms="2101" status="PASS">
          <reporter-output>
          </reporter-output>
        </test-method> <!-- Registration -->
        <test-method signature="Registration()[pri:2, instance:Api.endpoint.Api@4f2b503c]" started-at="2024-05-30T12:22:44 IST" name="Registration" finished-at="2024-05-30T12:22:46 IST" depends-on-methods="Api.endpoint.Api.Login" duration-ms="1720" status="PASS">
          <reporter-output>
          </reporter-output>
        </test-method> <!-- Registration -->
        <test-method signature="Registration()[pri:2, instance:Api.endpoint.Api@4f2b503c]" started-at="2024-05-30T12:22:46 IST" name="Registration" finished-at="2024-05-30T12:22:50 IST" depends-on-methods="Api.endpoint.Api.Login" duration-ms="4146" status="PASS">
          <reporter-output>
          </reporter-output>
        </test-method> <!-- Registration -->
        <test-method signature="Registration()[pri:2, instance:Api.endpoint.Api@4f2b503c]" started-at="2024-05-30T12:22:50 IST" name="Registration" finished-at="2024-05-30T12:22:52 IST" depends-on-methods="Api.endpoint.Api.Login" duration-ms="2046" status="PASS">
          <reporter-output>
          </reporter-output>
        </test-method> <!-- Registration -->
        <test-method signature="Registration()[pri:2, instance:Api.endpoint.Api@4f2b503c]" started-at="2024-05-30T12:22:52 IST" name="Registration" finished-at="2024-05-30T12:22:53 IST" depends-on-methods="Api.endpoint.Api.Login" duration-ms="1346" status="PASS">
          <reporter-output>
          </reporter-output>
        </test-method> <!-- Registration -->
        <test-method signature="Registration()[pri:2, instance:Api.endpoint.Api@4f2b503c]" started-at="2024-05-30T12:22:53 IST" name="Registration" finished-at="2024-05-30T12:22:54 IST" depends-on-methods="Api.endpoint.Api.Login" duration-ms="1034" status="FAIL">
          <exception class="java.lang.AssertionError">
            <message>
              <![CDATA[1 expectation failed.
Expected status code <200> but was <400>.
]]>
            </message>
            <full-stacktrace>
              <![CDATA[java.lang.AssertionError: 1 expectation failed.
Expected status code <200> but was <400>.

at java.base/jdk.internal.reflect.DirectConstructorHandleAccessor.newInstance(DirectConstructorHandleAccessor.java:62)
at java.base/java.lang.reflect.Constructor.newInstanceWithCaller(Constructor.java:502)
at java.base/java.lang.reflect.Constructor.newInstance(Constructor.java:486)
at org.codehaus.groovy.reflection.CachedConstructor.invoke(CachedConstructor.java:73)
at org.codehaus.groovy.runtime.callsite.ConstructorSite$ConstructorSiteNoUnwrapNoCoerce.callConstructor(ConstructorSite.java:108)
at org.codehaus.groovy.runtime.callsite.CallSiteArray.defaultCallConstructor(CallSiteArray.java:57)
at org.codehaus.groovy.runtime.callsite.AbstractCallSite.callConstructor(AbstractCallSite.java:263)
at org.codehaus.groovy.runtime.callsite.AbstractCallSite.callConstructor(AbstractCallSite.java:277)
at io.restassured.internal.ResponseSpecificationImpl$HamcrestAssertionClosure.validate(ResponseSpecificationImpl.groovy:512)
at io.restassured.internal.ResponseSpecificationImpl$HamcrestAssertionClosure$validate$1.call(Unknown Source)
at io.restassured.internal.ResponseSpecificationImpl.validateResponseIfRequired(ResponseSpecificationImpl.groovy:696)
at io.restassured.internal.ResponseSpecificationImpl.this$2$validateResponseIfRequired(ResponseSpecificationImpl.groovy)
at java.base/jdk.internal.reflect.DirectMethodHandleAccessor.invoke(DirectMethodHandleAccessor.java:103)
at java.base/java.lang.reflect.Method.invoke(Method.java:580)
at org.codehaus.groovy.runtime.callsite.PlainObjectMetaMethodSite.doInvoke(PlainObjectMetaMethodSite.java:43)
at org.codehaus.groovy.runtime.callsite.PogoMetaMethodSite$PogoCachedMethodSiteNoUnwrapNoCoerce.invoke(PogoMetaMethodSite.java:198)
at org.codehaus.groovy.runtime.callsite.PogoMetaMethodSite.callCurrent(PogoMetaMethodSite.java:62)
at org.codehaus.groovy.runtime.callsite.AbstractCallSite.callCurrent(AbstractCallSite.java:185)
at io.restassured.internal.ResponseSpecificationImpl.statusCode(ResponseSpecificationImpl.groovy:135)
at io.restassured.specification.ResponseSpecification$statusCode$0.callCurrent(Unknown Source)
at io.restassured.internal.ResponseSpecificationImpl.statusCode(ResponseSpecificationImpl.groovy:143)
at io.restassured.internal.ValidatableResponseOptionsImpl.statusCode(ValidatableResponseOptionsImpl.java:89)
at Api.endpoint.Api.Registration(Api.java:87)
at java.base/jdk.internal.reflect.DirectMethodHandleAccessor.invoke(DirectMethodHandleAccessor.java:103)
at java.base/java.lang.reflect.Method.invoke(Method.java:580)
at org.testng.internal.MethodInvocationHelper.invokeMethod(MethodInvocationHelper.java:133)
at org.testng.internal.TestInvoker.invokeMethod(TestInvoker.java:598)
at org.testng.internal.TestInvoker.invokeTestMethod(TestInvoker.java:173)
at org.testng.internal.MethodRunner.runInSequence(MethodRunner.java:46)
at org.testng.internal.TestInvoker$MethodInvocationAgent.invoke(TestInvoker.java:824)
at org.testng.internal.TestInvoker.invokeTestMethods(TestInvoker.java:146)
at org.testng.internal.TestMethodWorker.invokeTestMethods(TestMethodWorker.java:146)
at org.testng.internal.TestMethodWorker.run(TestMethodWorker.java:128)
at java.base/java.util.ArrayList.forEach(ArrayList.java:1596)
at org.testng.TestRunner.privateRun(TestRunner.java:794)
at org.testng.TestRunner.run(TestRunner.java:596)
at org.testng.SuiteRunner.runTest(SuiteRunner.java:377)
at org.testng.SuiteRunner.runSequentially(SuiteRunner.java:371)
at org.testng.SuiteRunner.privateRun(SuiteRunner.java:332)
at org.testng.SuiteRunner.run(SuiteRunner.java:276)
at org.testng.SuiteRunnerWorker.runSuite(SuiteRunnerWorker.java:53)
at org.testng.SuiteRunnerWorker.run(SuiteRunnerWorker.java:96)
at org.testng.TestNG.runSuitesSequentially(TestNG.java:1212)
at org.testng.TestNG.runSuitesLocally(TestNG.java:1134)
at org.testng.TestNG.runSuites(TestNG.java:1063)
at org.testng.TestNG.run(TestNG.java:1031)
at org.testng.remote.AbstractRemoteTestNG.run(AbstractRemoteTestNG.java:115)
at org.testng.remote.RemoteTestNG.initAndRun(RemoteTestNG.java:251)
at org.testng.remote.RemoteTestNG.main(RemoteTestNG.java:77)
]]>
            </full-stacktrace>
          </exception> <!-- java.lang.AssertionError -->
          <reporter-output>
          </reporter-output>
        </test-method> <!-- Registration -->
        <test-method signature="Registration()[pri:2, instance:Api.endpoint.Api@4f2b503c]" started-at="2024-05-30T12:22:54 IST" name="Registration" finished-at="2024-05-30T12:22:57 IST" depends-on-methods="Api.endpoint.Api.Login" duration-ms="2923" status="PASS">
          <reporter-output>
          </reporter-output>
        </test-method> <!-- Registration -->
        <test-method signature="Registration()[pri:2, instance:Api.endpoint.Api@4f2b503c]" started-at="2024-05-30T12:22:57 IST" name="Registration" finished-at="2024-05-30T12:23:05 IST" depends-on-methods="Api.endpoint.Api.Login" duration-ms="7477" status="PASS">
          <reporter-output>
          </reporter-output>
        </test-method> <!-- Registration -->
        <test-method signature="Registration()[pri:2, instance:Api.endpoint.Api@4f2b503c]" started-at="2024-05-30T12:23:05 IST" name="Registration" finished-at="2024-05-30T12:23:07 IST" depends-on-methods="Api.endpoint.Api.Login" duration-ms="1940" status="PASS">
          <reporter-output>
          </reporter-output>
        </test-method> <!-- Registration -->
        <test-method signature="Registration()[pri:2, instance:Api.endpoint.Api@4f2b503c]" started-at="2024-05-30T12:23:07 IST" name="Registration" finished-at="2024-05-30T12:23:08 IST" depends-on-methods="Api.endpoint.Api.Login" duration-ms="1429" status="PASS">
          <reporter-output>
          </reporter-output>
        </test-method> <!-- Registration -->
        <test-method signature="Registration()[pri:2, instance:Api.endpoint.Api@4f2b503c]" started-at="2024-05-30T12:23:08 IST" name="Registration" finished-at="2024-05-30T12:23:10 IST" depends-on-methods="Api.endpoint.Api.Login" duration-ms="2023" status="PASS">
          <reporter-output>
          </reporter-output>
        </test-method> <!-- Registration -->
        <test-method signature="Registration()[pri:2, instance:Api.endpoint.Api@4f2b503c]" started-at="2024-05-30T12:23:10 IST" name="Registration" finished-at="2024-05-30T12:23:12 IST" depends-on-methods="Api.endpoint.Api.Login" duration-ms="2167" status="PASS">
          <reporter-output>
          </reporter-output>
        </test-method> <!-- Registration -->
        <test-method signature="Registration()[pri:2, instance:Api.endpoint.Api@4f2b503c]" started-at="2024-05-30T12:23:12 IST" name="Registration" finished-at="2024-05-30T12:23:14 IST" depends-on-methods="Api.endpoint.Api.Login" duration-ms="1520" status="PASS">
          <reporter-output>
          </reporter-output>
        </test-method> <!-- Registration -->
        <test-method signature="Registration()[pri:2, instance:Api.endpoint.Api@4f2b503c]" started-at="2024-05-30T12:23:14 IST" name="Registration" finished-at="2024-05-30T12:23:16 IST" depends-on-methods="Api.endpoint.Api.Login" duration-ms="1956" status="PASS">
          <reporter-output>
          </reporter-output>
        </test-method> <!-- Registration -->
        <test-method signature="Registration()[pri:2, instance:Api.endpoint.Api@4f2b503c]" started-at="2024-05-30T12:23:16 IST" name="Registration" finished-at="2024-05-30T12:23:19 IST" depends-on-methods="Api.endpoint.Api.Login" duration-ms="3264" status="PASS">
          <reporter-output>
          </reporter-output>
        </test-method> <!-- Registration -->
        <test-method signature="Registration()[pri:2, instance:Api.endpoint.Api@4f2b503c]" started-at="2024-05-30T12:23:19 IST" name="Registration" finished-at="2024-05-30T12:23:21 IST" depends-on-methods="Api.endpoint.Api.Login" duration-ms="1542" status="PASS">
          <reporter-output>
          </reporter-output>
        </test-method> <!-- Registration -->
        <test-method signature="Registration()[pri:2, instance:Api.endpoint.Api@4f2b503c]" started-at="2024-05-30T12:23:21 IST" name="Registration" finished-at="2024-05-30T12:23:23 IST" depends-on-methods="Api.endpoint.Api.Login" duration-ms="1994" status="PASS">
          <reporter-output>
          </reporter-output>
        </test-method> <!-- Registration -->
        <test-method signature="Registration()[pri:2, instance:Api.endpoint.Api@4f2b503c]" started-at="2024-05-30T12:23:23 IST" name="Registration" finished-at="2024-05-30T12:23:26 IST" depends-on-methods="Api.endpoint.Api.Login" duration-ms="2988" status="PASS">
          <reporter-output>
          </reporter-output>
        </test-method> <!-- Registration -->
        <test-method signature="Registration()[pri:2, instance:Api.endpoint.Api@4f2b503c]" started-at="2024-05-30T12:23:26 IST" name="Registration" finished-at="2024-05-30T12:23:28 IST" depends-on-methods="Api.endpoint.Api.Login" duration-ms="1947" status="PASS">
          <reporter-output>
          </reporter-output>
        </test-method> <!-- Registration -->
        <test-method signature="Registration()[pri:2, instance:Api.endpoint.Api@4f2b503c]" started-at="2024-05-30T12:23:28 IST" name="Registration" finished-at="2024-05-30T12:23:29 IST" depends-on-methods="Api.endpoint.Api.Login" duration-ms="1409" status="PASS">
          <reporter-output>
          </reporter-output>
        </test-method> <!-- Registration -->
        <test-method signature="Registration()[pri:2, instance:Api.endpoint.Api@4f2b503c]" started-at="2024-05-30T12:23:29 IST" name="Registration" finished-at="2024-05-30T12:23:31 IST" depends-on-methods="Api.endpoint.Api.Login" duration-ms="1861" status="PASS">
          <reporter-output>
          </reporter-output>
        </test-method> <!-- Registration -->
        <test-method signature="Registration()[pri:2, instance:Api.endpoint.Api@4f2b503c]" started-at="2024-05-30T12:23:31 IST" name="Registration" finished-at="2024-05-30T12:23:33 IST" depends-on-methods="Api.endpoint.Api.Login" duration-ms="2144" status="PASS">
          <reporter-output>
          </reporter-output>
        </test-method> <!-- Registration -->
        <test-method signature="Registration()[pri:2, instance:Api.endpoint.Api@4f2b503c]" started-at="2024-05-30T12:23:33 IST" name="Registration" finished-at="2024-05-30T12:23:35 IST" depends-on-methods="Api.endpoint.Api.Login" duration-ms="1941" status="PASS">
          <reporter-output>
          </reporter-output>
        </test-method> <!-- Registration -->
        <test-method signature="Registration()[pri:2, instance:Api.endpoint.Api@4f2b503c]" started-at="2024-05-30T12:23:35 IST" name="Registration" finished-at="2024-05-30T12:23:36 IST" depends-on-methods="Api.endpoint.Api.Login" duration-ms="1435" status="PASS">
          <reporter-output>
          </reporter-output>
        </test-method> <!-- Registration -->
        <test-method signature="Registration()[pri:2, instance:Api.endpoint.Api@4f2b503c]" started-at="2024-05-30T12:23:36 IST" name="Registration" finished-at="2024-05-30T12:23:38 IST" depends-on-methods="Api.endpoint.Api.Login" duration-ms="1428" status="PASS">
          <reporter-output>
          </reporter-output>
        </test-method> <!-- Registration -->
        <test-method signature="Registration()[pri:2, instance:Api.endpoint.Api@4f2b503c]" started-at="2024-05-30T12:23:38 IST" name="Registration" finished-at="2024-05-30T12:23:42 IST" depends-on-methods="Api.endpoint.Api.Login" duration-ms="4504" status="PASS">
          <reporter-output>
          </reporter-output>
        </test-method> <!-- Registration -->
        <test-method signature="Registration()[pri:2, instance:Api.endpoint.Api@4f2b503c]" started-at="2024-05-30T12:23:42 IST" name="Registration" finished-at="2024-05-30T12:23:45 IST" depends-on-methods="Api.endpoint.Api.Login" duration-ms="2964" status="PASS">
          <reporter-output>
          </reporter-output>
        </test-method> <!-- Registration -->
        <test-method signature="Registration()[pri:2, instance:Api.endpoint.Api@4f2b503c]" started-at="2024-05-30T12:23:45 IST" name="Registration" finished-at="2024-05-30T12:23:47 IST" depends-on-methods="Api.endpoint.Api.Login" duration-ms="1946" status="PASS">
          <reporter-output>
          </reporter-output>
        </test-method> <!-- Registration -->
        <test-method signature="Registration()[pri:2, instance:Api.endpoint.Api@4f2b503c]" started-at="2024-05-30T12:23:47 IST" name="Registration" finished-at="2024-05-30T12:23:49 IST" depends-on-methods="Api.endpoint.Api.Login" duration-ms="1522" status="PASS">
          <reporter-output>
          </reporter-output>
        </test-method> <!-- Registration -->
        <test-method signature="Registration()[pri:2, instance:Api.endpoint.Api@4f2b503c]" started-at="2024-05-30T12:23:49 IST" name="Registration" finished-at="2024-05-30T12:23:51 IST" depends-on-methods="Api.endpoint.Api.Login" duration-ms="1941" status="PASS">
          <reporter-output>
          </reporter-output>
        </test-method> <!-- Registration -->
        <test-method signature="Registration()[pri:2, instance:Api.endpoint.Api@4f2b503c]" started-at="2024-05-30T12:23:51 IST" name="Registration" finished-at="2024-05-30T12:23:53 IST" depends-on-methods="Api.endpoint.Api.Login" duration-ms="2054" status="PASS">
          <reporter-output>
          </reporter-output>
        </test-method> <!-- Registration -->
      </class> <!-- Api.endpoint.Api -->
    </test> <!-- Default test -->
  </suite> <!-- Default suite -->
</testng-results>
