<?xml version="1.0" encoding="UTF-8"?>
<testng-results ignored="0" total="7" passed="7" failed="0" skipped="0">
  <reporter-output>
  </reporter-output>
  <suite started-at="2024-06-11T23:33:15 IST" name="project" finished-at="2024-06-11T23:33:15 IST" duration-ms="109">
    <groups>
    </groups>
    <test started-at="2024-06-11T23:33:15 IST" name="testone" finished-at="2024-06-11T23:33:15 IST" duration-ms="109">
      <class name="rootNew.RootExample">
        <test-method signature="bhigh()[pri:0, instance:rootNew.RootExample@429bffaa]" started-at="2024-06-11T23:33:15 IST" name="bhigh" finished-at="2024-06-11T23:33:15 IST" duration-ms="19" status="PASS">
          <reporter-output>
          </reporter-output>
        </test-method> <!-- bhigh -->
        <test-method signature="ahigh()[pri:0, instance:rootNew.RootExample@429bffaa]" started-at="2024-06-11T23:33:15 IST" name="ahigh" finished-at="2024-06-11T23:33:15 IST" depends-on-methods="rootNew.RootExample.bhigh" duration-ms="2" status="PASS">
          <reporter-output>
          </reporter-output>
        </test-method> <!-- ahigh -->
        <test-method signature="chigh()[pri:0, instance:rootNew.RootExample@429bffaa]" started-at="2024-06-11T23:33:15 IST" name="chigh" finished-at="2024-06-11T23:33:15 IST" depends-on-methods="rootNew.RootExample.ahigh" duration-ms="3" status="PASS">
          <reporter-output>
          </reporter-output>
        </test-method> <!-- chigh -->
        <test-method signature="dhigh()[pri:0, instance:rootNew.RootExample@429bffaa]" started-at="2024-06-11T23:33:15 IST" name="dhigh" finished-at="2024-06-11T23:33:15 IST" duration-ms="3" status="PASS">
          <reporter-output>
          </reporter-output>
        </test-method> <!-- dhigh -->
      </class> <!-- rootNew.RootExample -->
      <class name="rootNew.secondClass">
        <test-method signature="value()[pri:1, instance:rootNew.secondClass@383bfa16]" started-at="2024-06-11T23:33:15 IST" name="value" finished-at="2024-06-11T23:33:15 IST" duration-ms="3" status="PASS">
          <reporter-output>
          </reporter-output>
        </test-method> <!-- value -->
        <test-method signature="ant()[pri:2, instance:rootNew.secondClass@383bfa16]" started-at="2024-06-11T23:33:15 IST" name="ant" finished-at="2024-06-11T23:33:15 IST" duration-ms="8" status="PASS">
          <reporter-output>
          </reporter-output>
        </test-method> <!-- ant -->
        <test-method signature="kumar()[pri:3, instance:rootNew.secondClass@383bfa16]" started-at="2024-06-11T23:33:15 IST" name="kumar" finished-at="2024-06-11T23:33:15 IST" duration-ms="2" status="PASS">
          <reporter-output>
          </reporter-output>
        </test-method> <!-- kumar -->
      </class> <!-- rootNew.secondClass -->
    </test> <!-- testone -->
  </suite> <!-- project -->
</testng-results>
