<?xml version="1.0" encoding="UTF-8"?>
<!-- Generated by org.testng.reporters.JUnitXMLReporter -->
<testsuite ignored="0" hostname="eps46-Epixel" failures="1" tests="51" name="Default test" time="120.316" errors="0" timestamp="2024-05-30T12:23:53 IST">
  <testcase classname="Api.endpoint.Api" name="Login" time="5.782"/>
  <testcase classname="Api.endpoint.Api" name="Registration" time="5.767"/>
  <testcase classname="Api.endpoint.Api" name="Registration" time="2.076"/>
  <testcase classname="Api.endpoint.Api" name="Registration" time="2.974"/>
  <testcase classname="Api.endpoint.Api" name="Registration" time="3.063"/>
  <testcase classname="Api.endpoint.Api" name="Registration" time="2.056"/>
  <testcase classname="Api.endpoint.Api" name="Registration" time="2.036"/>
  <testcase classname="Api.endpoint.Api" name="Registration" time="1.948"/>
  <testcase classname="Api.endpoint.Api" name="Registration" time="3.351"/>
  <testcase classname="Api.endpoint.Api" name="Registration" time="1.956"/>
  <testcase classname="Api.endpoint.Api" name="Registration" time="1.943"/>
  <testcase classname="Api.endpoint.Api" name="Registration" time="1.529"/>
  <testcase classname="Api.endpoint.Api" name="Registration" time="1.43"/>
  <testcase classname="Api.endpoint.Api" name="Registration" time="2.261"/>
  <testcase classname="Api.endpoint.Api" name="Registration" time="2.026"/>
  <testcase classname="Api.endpoint.Api" name="Registration" time="1.426"/>
  <testcase classname="Api.endpoint.Api" name="Registration" time="1.937"/>
  <testcase classname="Api.endpoint.Api" name="Registration" time="1.531"/>
  <testcase classname="Api.endpoint.Api" name="Registration" time="1.429"/>
  <testcase classname="Api.endpoint.Api" name="Registration" time="2.143"/>
  <testcase classname="Api.endpoint.Api" name="Registration" time="2.101"/>
  <testcase classname="Api.endpoint.Api" name="Registration" time="1.72"/>
  <testcase classname="Api.endpoint.Api" name="Registration" time="4.146"/>
  <testcase classname="Api.endpoint.Api" name="Registration" time="2.046"/>
  <testcase classname="Api.endpoint.Api" name="Registration" time="1.346"/>
  <testcase classname="Api.endpoint.Api" name="Registration" time="1.034">
    <failure type="java.lang.AssertionError" message="1 expectation failed.
Expected status code &amp;lt;200&amp;gt; but was &amp;lt;400&amp;gt;.
">
      <![CDATA[java.lang.AssertionError: 1 expectation failed.
Expected status code <200> but was <400>.

at java.base/jdk.internal.reflect.DirectConstructorHandleAccessor.newInstance(DirectConstructorHandleAccessor.java:62)
at java.base/java.lang.reflect.Constructor.newInstanceWithCaller(Constructor.java:502)
at java.base/java.lang.reflect.Constructor.newInstance(Constructor.java:486)
at org.codehaus.groovy.reflection.CachedConstructor.invoke(CachedConstructor.java:73)
at org.codehaus.groovy.runtime.callsite.ConstructorSite$ConstructorSiteNoUnwrapNoCoerce.callConstructor(ConstructorSite.java:108)
at org.codehaus.groovy.runtime.callsite.CallSiteArray.defaultCallConstructor(CallSiteArray.java:57)
at org.codehaus.groovy.runtime.callsite.AbstractCallSite.callConstructor(AbstractCallSite.java:263)
at org.codehaus.groovy.runtime.callsite.AbstractCallSite.callConstructor(AbstractCallSite.java:277)
at io.restassured.internal.ResponseSpecificationImpl$HamcrestAssertionClosure.validate(ResponseSpecificationImpl.groovy:512)
at io.restassured.internal.ResponseSpecificationImpl$HamcrestAssertionClosure$validate$1.call(Unknown Source)
at io.restassured.internal.ResponseSpecificationImpl.validateResponseIfRequired(ResponseSpecificationImpl.groovy:696)
at io.restassured.internal.ResponseSpecificationImpl.this$2$validateResponseIfRequired(ResponseSpecificationImpl.groovy)
at java.base/jdk.internal.reflect.DirectMethodHandleAccessor.invoke(DirectMethodHandleAccessor.java:103)
at java.base/java.lang.reflect.Method.invoke(Method.java:580)
at org.codehaus.groovy.runtime.callsite.PlainObjectMetaMethodSite.doInvoke(PlainObjectMetaMethodSite.java:43)
at org.codehaus.groovy.runtime.callsite.PogoMetaMethodSite$PogoCachedMethodSiteNoUnwrapNoCoerce.invoke(PogoMetaMethodSite.java:198)
at org.codehaus.groovy.runtime.callsite.PogoMetaMethodSite.callCurrent(PogoMetaMethodSite.java:62)
at org.codehaus.groovy.runtime.callsite.AbstractCallSite.callCurrent(AbstractCallSite.java:185)
at io.restassured.internal.ResponseSpecificationImpl.statusCode(ResponseSpecificationImpl.groovy:135)
at io.restassured.specification.ResponseSpecification$statusCode$0.callCurrent(Unknown Source)
at io.restassured.internal.ResponseSpecificationImpl.statusCode(ResponseSpecificationImpl.groovy:143)
at io.restassured.internal.ValidatableResponseOptionsImpl.statusCode(ValidatableResponseOptionsImpl.java:89)
at Api.endpoint.Api.Registration(Api.java:87)
at java.base/jdk.internal.reflect.DirectMethodHandleAccessor.invoke(DirectMethodHandleAccessor.java:103)
at java.base/java.lang.reflect.Method.invoke(Method.java:580)
at org.testng.internal.MethodInvocationHelper.invokeMethod(MethodInvocationHelper.java:133)
at org.testng.internal.TestInvoker.invokeMethod(TestInvoker.java:598)
at org.testng.internal.TestInvoker.invokeTestMethod(TestInvoker.java:173)
at org.testng.internal.MethodRunner.runInSequence(MethodRunner.java:46)
at org.testng.internal.TestInvoker$MethodInvocationAgent.invoke(TestInvoker.java:824)
at org.testng.internal.TestInvoker.invokeTestMethods(TestInvoker.java:146)
at org.testng.internal.TestMethodWorker.invokeTestMethods(TestMethodWorker.java:146)
at org.testng.internal.TestMethodWorker.run(TestMethodWorker.java:128)
at java.base/java.util.ArrayList.forEach(ArrayList.java:1596)
at org.testng.TestRunner.privateRun(TestRunner.java:794)
at org.testng.TestRunner.run(TestRunner.java:596)
at org.testng.SuiteRunner.runTest(SuiteRunner.java:377)
at org.testng.SuiteRunner.runSequentially(SuiteRunner.java:371)
at org.testng.SuiteRunner.privateRun(SuiteRunner.java:332)
at org.testng.SuiteRunner.run(SuiteRunner.java:276)
at org.testng.SuiteRunnerWorker.runSuite(SuiteRunnerWorker.java:53)
at org.testng.SuiteRunnerWorker.run(SuiteRunnerWorker.java:96)
at org.testng.TestNG.runSuitesSequentially(TestNG.java:1212)
at org.testng.TestNG.runSuitesLocally(TestNG.java:1134)
at org.testng.TestNG.runSuites(TestNG.java:1063)
at org.testng.TestNG.run(TestNG.java:1031)
at org.testng.remote.AbstractRemoteTestNG.run(AbstractRemoteTestNG.java:115)
at org.testng.remote.RemoteTestNG.initAndRun(RemoteTestNG.java:251)
at org.testng.remote.RemoteTestNG.main(RemoteTestNG.java:77)
]]>
    </failure>
  </testcase> <!-- Registration -->
  <testcase classname="Api.endpoint.Api" name="Registration" time="2.923"/>
  <testcase classname="Api.endpoint.Api" name="Registration" time="7.477"/>
  <testcase classname="Api.endpoint.Api" name="Registration" time="1.94"/>
  <testcase classname="Api.endpoint.Api" name="Registration" time="1.429"/>
  <testcase classname="Api.endpoint.Api" name="Registration" time="2.023"/>
  <testcase classname="Api.endpoint.Api" name="Registration" time="2.167"/>
  <testcase classname="Api.endpoint.Api" name="Registration" time="1.52"/>
  <testcase classname="Api.endpoint.Api" name="Registration" time="1.956"/>
  <testcase classname="Api.endpoint.Api" name="Registration" time="3.264"/>
  <testcase classname="Api.endpoint.Api" name="Registration" time="1.542"/>
  <testcase classname="Api.endpoint.Api" name="Registration" time="1.994"/>
  <testcase classname="Api.endpoint.Api" name="Registration" time="2.988"/>
  <testcase classname="Api.endpoint.Api" name="Registration" time="1.947"/>
  <testcase classname="Api.endpoint.Api" name="Registration" time="1.409"/>
  <testcase classname="Api.endpoint.Api" name="Registration" time="1.861"/>
  <testcase classname="Api.endpoint.Api" name="Registration" time="2.144"/>
  <testcase classname="Api.endpoint.Api" name="Registration" time="1.941"/>
  <testcase classname="Api.endpoint.Api" name="Registration" time="1.435"/>
  <testcase classname="Api.endpoint.Api" name="Registration" time="1.428"/>
  <testcase classname="Api.endpoint.Api" name="Registration" time="4.504"/>
  <testcase classname="Api.endpoint.Api" name="Registration" time="2.964"/>
  <testcase classname="Api.endpoint.Api" name="Registration" time="1.946"/>
  <testcase classname="Api.endpoint.Api" name="Registration" time="1.522"/>
  <testcase classname="Api.endpoint.Api" name="Registration" time="1.941"/>
  <testcase classname="Api.endpoint.Api" name="Registration" time="2.054"/>
</testsuite> <!-- Default test -->
