<?xml version="1.0" encoding="UTF-8"?>
<testng-results ignored="0" total="4" passed="4" failed="0" skipped="0">
  <reporter-output>
  </reporter-output>
  <suite started-at="2024-06-04T12:28:36 IST" name="Default suite" finished-at="2024-06-04T12:28:36 IST" duration-ms="94">
    <groups>
    </groups>
    <test started-at="2024-06-04T12:28:36 IST" name="Default test" finished-at="2024-06-04T12:28:36 IST" duration-ms="94">
      <class name="WebPro.TestProcess">
        <test-method signature="aweb()[pri:0, instance:WebPro.TestProcess@44821a96]" started-at="2024-06-04T12:28:36 IST" name="aweb" finished-at="2024-06-04T12:28:36 IST" duration-ms="19" status="PASS">
          <reporter-output>
          </reporter-output>
        </test-method> <!-- aweb -->
        <test-method signature="cwebthree()[pri:0, instance:WebPro.TestProcess@44821a96]" started-at="2024-06-04T12:28:36 IST" name="cwebthree" finished-at="2024-06-04T12:28:36 IST" duration-ms="3" status="PASS">
          <reporter-output>
          </reporter-output>
        </test-method> <!-- cwebthree -->
        <test-method signature="dwebfourth()[pri:0, instance:WebPro.TestProcess@44821a96]" started-at="2024-06-04T12:28:36 IST" name="dwebfourth" finished-at="2024-06-04T12:28:36 IST" duration-ms="3" status="PASS">
          <reporter-output>
          </reporter-output>
        </test-method> <!-- dwebfourth -->
        <test-method signature="webtwo()[pri:1, instance:WebPro.TestProcess@44821a96]" started-at="2024-06-04T12:28:36 IST" name="webtwo" finished-at="2024-06-04T12:28:36 IST" duration-ms="2" status="PASS">
          <reporter-output>
          </reporter-output>
        </test-method> <!-- webtwo -->
      </class> <!-- WebPro.TestProcess -->
    </test> <!-- Default test -->
  </suite> <!-- Default suite -->
</testng-results>
